\BOOKMARK [0][]{ctitle.0}{\376\377\227\142\124\021\215\050\221\317\213\304\117\060\166\204\116\343\170\001\123\330\146\364\137\161\124\315\122\006\147\220\123\312\121\166\123\357\211\306\123\026\170\024\172\166}{}% 1
\BOOKMARK [0][]{etitle.0}{\376\377\000R\000e\000s\000e\000a\000r\000c\000h\000\040\000o\000n\000\040\000C\000o\000d\000e\000\040\000C\000h\000a\000n\000g\000e\000\040\000I\000m\000p\000a\000c\000t\000\040\000A\000n\000a\000l\000y\000s\000i\000s\000\040\000a\000n\000d\000\040\000V\000i\000s\000u\000a\000l\000i\000z\000a\000t\000i\000o\000n\000\040\000f\000o\000r\000\040\000Q\000u\000a\000l\000i\000t\000y\000\040\000A\000s\000s\000e\000s\000s\000m\000e\000n\000t}{}% 2
\BOOKMARK [0][]{section*.3}{\376\377\144\130\000\040\211\201}{}% 3
\BOOKMARK [0][]{section*.5}{\376\377\000A\000b\000s\000t\000r\000a\000c\000t}{}% 4
\BOOKMARK [0][]{ccontent.0}{\376\377\166\356\000\040\137\125}{}% 5
\BOOKMARK [0][]{chapter.1}{\376\377\173\054\0001\172\340\000\040\176\352\213\272}{}% 6
\BOOKMARK [1][-]{section.1.1}{\376\377\0001\000.\0001\000\040\213\376\230\230\170\024\172\166\166\204\200\314\146\157\124\214\141\017\116\111}{chapter.1}% 7
\BOOKMARK [1][-]{section.1.2}{\376\377\0001\000.\0002\000\040\126\375\121\205\131\026\170\024\172\166\163\260\162\266\123\312\122\006\147\220}{chapter.1}% 8
\BOOKMARK [2][-]{subsection.1.2.1}{\376\377\0001\000.\0002\000.\0001\000\040\227\131\140\001\123\330\146\364\137\161\124\315\122\006\147\220\145\271\154\325}{section.1.2}% 9
\BOOKMARK [2][-]{subsection.1.2.2}{\376\377\0001\000.\0002\000.\0002\000\040\122\250\140\001\123\330\146\364\137\161\124\315\122\006\147\220\145\271\154\325}{section.1.2}% 10
\BOOKMARK [2][-]{subsection.1.2.3}{\376\377\0001\000.\0002\000.\0003\000\040\121\166\116\326\116\343\170\001\123\330\146\364\137\161\124\315\122\006\147\220\145\271\154\325}{section.1.2}% 11
\BOOKMARK [2][-]{subsection.1.2.4}{\376\377\0001\000.\0002\000.\0004\000\040\163\260\147\011\145\271\154\325\133\130\127\050\166\204\225\356\230\230\116\016\122\006\147\220}{section.1.2}% 12
\BOOKMARK [1][-]{section.1.3}{\376\377\0001\000.\0003\000\040\147\054\145\207\166\204\116\073\211\201\170\024\172\166\121\205\133\271\116\345\123\312\124\004\172\340\202\202\133\211\143\222}{chapter.1}% 13
\BOOKMARK [2][-]{subsection.1.3.1}{\376\377\0001\000.\0003\000.\0001\000\040\116\073\211\201\170\024\172\166\121\205\133\271}{section.1.3}% 14
\BOOKMARK [2][-]{subsection.1.3.2}{\376\377\0001\000.\0003\000.\0002\000\040\172\340\202\202\133\211\143\222}{section.1.3}% 15
\BOOKMARK [0][]{chapter.2}{\376\377\173\054\0002\172\340\000\040\127\372\116\216\121\163\174\373\143\026\143\230\124\214\230\204\155\113\166\204\116\343\170\001\123\330\146\364\137\161\124\315\122\006\147\220}{}% 16
\BOOKMARK [1][-]{section.2.1}{\376\377\0002\000.\0001\000\040\137\025\212\000}{chapter.2}% 17
\BOOKMARK [1][-]{section.2.2}{\376\377\0002\000.\0002\000\040\116\343\170\001\230\204\131\004\164\006\124\214\116\055\225\364\210\150\171\072\165\037\142\020}{chapter.2}% 18
\BOOKMARK [2][-]{subsection.2.2.1}{\376\377\0002\000.\0002\000.\0001\000\040\127\372\116\216\000c\000l\000a\000n\000g\166\204\142\275\214\141\213\355\154\325\150\021\165\037\142\020}{section.2.2}% 19
\BOOKMARK [2][-]{subsection.2.2.2}{\376\377\0002\000.\0002\000.\0002\000\040\145\271\154\325\214\003\165\050\224\376\143\320\123\326\116\016\122\006\147\220}{section.2.2}% 20
\BOOKMARK [2][-]{subsection.2.2.3}{\376\377\0002\000.\0002\000.\0003\000\040\121\150\134\100\123\330\221\317\133\232\116\111\000-\117\177\165\050\224\376\143\320\123\326\116\016\122\006\147\220}{section.2.2}% 21
\BOOKMARK [1][-]{section.2.3}{\376\377\0002\000.\0003\000\040\127\372\116\216\117\235\215\126\225\355\123\005\166\204\123\330\146\364\137\161\124\315\122\006\147\220}{chapter.2}% 22
\BOOKMARK [1][-]{section.2.4}{\376\377\0002\000.\0004\000\040\127\372\116\216\121\113\226\206\150\300\155\113\166\204\123\330\146\364\137\161\124\315\122\006\147\220}{chapter.2}% 23
\BOOKMARK [1][-]{section.2.5}{\376\377\0002\000.\0005\000\040\127\372\116\216\121\161\163\260\121\163\174\373\143\026\143\230\166\204\123\330\146\364\137\161\124\315\122\006\147\220}{chapter.2}% 24
\BOOKMARK [1][-]{section.2.6}{\376\377\0002\000.\0006\000\040\127\372\116\216\116\343\170\001\230\204\213\255\176\303\152\041\127\213\166\204\123\330\146\364\137\161\124\315\230\204\155\113}{chapter.2}% 25
\BOOKMARK [2][-]{subsection.2.6.1}{\376\377\0002\000.\0006\000.\0001\000\040\170\024\172\166\122\250\147\072}{section.2.6}% 26
\BOOKMARK [2][-]{subsection.2.6.2}{\376\377\0002\000.\0006\000.\0002\000\040\145\160\143\156\226\306\147\145\156\220\124\214\145\160\143\156\156\005\155\027}{section.2.6}% 27
\BOOKMARK [2][-]{subsection.2.6.3}{\376\377\0002\000.\0006\000.\0003\000\040\127\372\116\216\116\343\170\001\230\204\213\255\176\303\152\041\127\213\166\204\123\330\146\364\137\161\124\315\121\163\174\373\230\204\155\113}{section.2.6}% 28
\BOOKMARK [1][-]{section.2.7}{\376\377\0002\000.\0007\000\040\133\236\232\214\176\323\147\234\116\016\122\006\147\220}{chapter.2}% 29
\BOOKMARK [2][-]{subsection.2.7.1}{\376\377\0002\000.\0007\000.\0001\000\040\133\236\232\214\145\160\143\156}{section.2.7}% 30
\BOOKMARK [2][-]{subsection.2.7.2}{\376\377\0002\000.\0007\000.\0002\000\040\213\304\116\367\143\007\150\007}{section.2.7}% 31
\BOOKMARK [2][-]{subsection.2.7.3}{\376\377\0002\000.\0007\000.\0003\000\040\133\236\232\214\213\276\177\156}{section.2.7}% 32
\BOOKMARK [2][-]{subsection.2.7.4}{\376\377\0002\000.\0007\000.\0004\000\040\133\236\232\214\176\323\147\234\116\016\133\371\153\324\122\006\147\220}{section.2.7}% 33
\BOOKMARK [1][-]{section.2.8}{\376\377\0002\000.\0008\000\040\147\054\172\340\134\017\176\323}{chapter.2}% 34
\BOOKMARK [0][]{chapter.3}{\376\377\173\054\0003\172\340\000\040\127\372\116\216\117\235\215\126\224\376\116\016\150\300\175\042\130\236\137\072\165\037\142\020\166\204\116\343\170\001\123\330\146\364\137\161\124\315\122\006\147\220}{}% 35
\BOOKMARK [1][-]{section.3.1}{\376\377\0003\000.\0001\000\040\137\025\212\000}{chapter.3}% 36
\BOOKMARK [1][-]{section.3.2}{\376\377\0003\000.\0002\000\040\170\024\172\166\122\250\147\072}{chapter.3}% 37
\BOOKMARK [1][-]{section.3.3}{\376\377\0003\000.\0003\000\040\145\164\117\123\155\101\172\013\213\276\213\241}{chapter.3}% 38
\BOOKMARK [1][-]{section.3.4}{\376\377\0003\000.\0004\000\040\127\372\116\216\116\055\225\364\116\343\170\001\210\150\171\072\124\214\121\163\174\373\143\026\143\230\145\271\154\325\166\204\145\160\143\156\147\204\136\372}{chapter.3}% 39
\BOOKMARK [1][-]{section.3.5}{\376\377\0003\000.\0005\000\040\127\372\116\216\213\355\116\111\124\021\221\317\166\204\123\330\146\364\137\161\124\315\120\031\220\011\145\271\154\325\150\300\175\042}{chapter.3}% 40
\BOOKMARK [2][-]{subsection.3.5.1}{\376\377\0003\000.\0005\000.\0001\000\040\135\114\121\145\152\041\127\213\213\255\176\303\116\016\124\021\221\317\123\026\167\345\213\306\136\223\147\204\136\372}{section.3.5}% 41
\BOOKMARK [2][-]{subsection.3.5.2}{\376\377\0003\000.\0005\000.\0002\000\040\147\345\213\342\135\114\121\145\116\016\120\031\220\011\150\300\175\042}{section.3.5}% 42
\BOOKMARK [1][-]{section.3.6}{\376\377\0003\000.\0006\000\040\127\372\116\216\117\235\215\126\224\376\116\016\131\047\213\355\212\000\152\041\127\213\143\250\164\006\166\204\165\037\142\020\145\271\154\325}{chapter.3}% 43
\BOOKMARK [1][-]{section.3.7}{\376\377\0003\000.\0007\000\040\133\236\232\214\176\323\147\234\116\016\122\006\147\220}{chapter.3}% 44
\BOOKMARK [2][-]{subsection.3.7.1}{\376\377\0003\000.\0007\000.\0001\000\040\133\236\232\214\145\160\143\156}{section.3.7}% 45
\BOOKMARK [2][-]{subsection.3.7.2}{\376\377\0003\000.\0007\000.\0002\000\040\213\304\116\367\143\007\150\007}{section.3.7}% 46
\BOOKMARK [2][-]{subsection.3.7.3}{\376\377\0003\000.\0007\000.\0003\000\040\133\236\232\214\213\276\177\156}{section.3.7}% 47
\BOOKMARK [2][-]{subsection.3.7.4}{\376\377\0003\000.\0007\000.\0004\000\040\133\236\232\214\176\323\147\234\116\016\133\371\153\324\122\006\147\220}{section.3.7}% 48
\BOOKMARK [1][-]{section.3.8}{\376\377\0003\000.\0008\000\040\147\054\172\340\134\017\176\323}{chapter.3}% 49
\BOOKMARK [0][]{chapter.4}{\376\377\173\054\0004\172\340\000\040\127\372\116\216\116\343\170\001\133\241\147\345\126\376\166\204\116\343\170\001\176\323\147\204\123\357\211\306\123\026\124\214\215\050\221\317\122\006\147\220}{}% 50
\BOOKMARK [1][-]{section.4.1}{\376\377\0004\000.\0001\000\040\137\025\212\000}{chapter.4}% 51
\BOOKMARK [1][-]{section.4.2}{\376\377\0004\000.\0002\000\040\127\372\116\216\116\343\170\001\136\246\221\317\166\204\116\343\170\001\215\050\221\317\136\246\221\317\152\041\127\213}{chapter.4}% 52
\BOOKMARK [2][-]{subsection.4.2.1}{\376\377\0004\000.\0002\000.\0001\000\040\116\343\170\001\215\050\221\317\136\246\221\317\152\041\127\213}{section.4.2}% 53
\BOOKMARK [2][-]{subsection.4.2.2}{\376\377\0004\000.\0002\000.\0002\000\040\127\372\116\216\121\205\200\132\136\246\177\072\116\117\136\246\124\214\217\336\220\032\140\047\166\204\166\204\121\205\200\132\140\047\136\246\221\317}{section.4.2}% 54
\BOOKMARK [2][-]{subsection.4.2.3}{\376\377\0004\000.\0002\000.\0003\000\040\145\271\154\325\225\364\200\046\124\010\140\047\136\246\221\317}{section.4.2}% 55
\BOOKMARK [2][-]{subsection.4.2.4}{\376\377\0004\000.\0002\000.\0004\000\040\145\271\154\325\142\107\121\145\142\107\121\372\136\246\221\317}{section.4.2}% 56
\BOOKMARK [2][-]{subsection.4.2.5}{\376\377\0004\000.\0002\000.\0005\000\040\127\372\116\216\227\131\140\001\150\300\155\113\135\345\121\167\166\204\116\343\170\001\133\211\121\150\140\047\124\214\211\304\203\003\140\047\136\246\221\317}{section.4.2}% 57
\BOOKMARK [1][-]{section.4.3}{\376\377\0004\000.\0003\000\040\116\343\170\001\133\241\147\345\126\376\166\204\147\204\136\372\124\214\116\343\170\001\176\323\147\204\166\204\123\357\211\306\123\026}{chapter.4}% 58
\BOOKMARK [2][-]{subsection.4.3.1}{\376\377\0004\000.\0003\000.\0001\000\040\116\343\170\001\133\241\147\345\126\376\147\204\136\372}{section.4.3}% 59
\BOOKMARK [2][-]{subsection.4.3.2}{\376\377\0004\000.\0003\000.\0002\000\040\116\343\170\001\133\241\147\345\126\376\123\357\211\306\123\026}{section.4.3}% 60
\BOOKMARK [1][-]{section.4.4}{\376\377\0004\000.\0004\000\040\127\372\116\216\116\343\170\001\133\241\147\345\126\376\166\204\116\343\170\001\215\050\221\317\122\006\147\220}{chapter.4}% 61
\BOOKMARK [1][-]{section.4.5}{\376\377\0004\000.\0005\000\040\116\343\170\001\215\050\221\317\122\006\147\220\142\245\124\112\165\037\142\020}{chapter.4}% 62
\BOOKMARK [1][-]{section.4.6}{\376\377\0004\000.\0006\000\040\133\236\232\214\176\323\147\234\116\016\122\006\147\220}{chapter.4}% 63
\BOOKMARK [2][-]{subsection.4.6.1}{\376\377\0004\000.\0006\000.\0001\000\040\133\236\232\214\145\160\143\156\124\214\133\236\232\214\213\276\213\241}{section.4.6}% 64
\BOOKMARK [2][-]{subsection.4.6.2}{\376\377\0004\000.\0006\000.\0002\000\040\133\236\232\214\163\257\130\203}{section.4.6}% 65
\BOOKMARK [2][-]{subsection.4.6.3}{\376\377\0004\000.\0006\000.\0003\000\040\133\236\232\214\176\323\147\234\122\006\147\220}{section.4.6}% 66
\BOOKMARK [1][-]{section.4.7}{\376\377\0004\000.\0007\000\040\116\343\170\001\133\241\147\345\126\376\166\204\136\224\165\050\150\110\117\213\122\006\147\220}{chapter.4}% 67
\BOOKMARK [1][-]{section.4.8}{\376\377\0004\000.\0008\000\040\147\054\172\340\134\017\176\323}{chapter.4}% 68
\BOOKMARK [0][]{section*.32}{\376\377\176\323\000\040\213\272}{}% 69
\BOOKMARK [0][]{section*.35}{\376\377\123\302\200\003\145\207\163\056}{}% 70
\BOOKMARK [0][]{section*.37}{\376\377\124\310\134\024\156\350\135\345\116\032\131\047\133\146\133\146\117\115\213\272\145\207\123\237\122\033\140\047\130\360\146\016\124\214\117\177\165\050\147\103\226\120}{}% 71
\BOOKMARK [0][]{section*.39}{\376\377\201\364\000\040\214\042}{}% 72
